2021-01-15 21:39:21.466  INFO 16524 --- [main] c.c.project.CompanyProjectApplication    : Starting CompanyProjectApplication on DESKTOP-IN21EL7 with PID 16524 (D:\LOCALHOSTjava\FIXEDASSET_SPRING\springboot-fixedasset\target\classes started by felix in D:\LOCALHOSTjava\FIXEDASSET_SPRING\springboot-fixedasset)
2021-01-15 21:39:21.470  INFO 16524 --- [main] c.c.project.CompanyProjectApplication    : The following profiles are active: prod
2021-01-15 21:39:25.950  INFO 16524 --- [main] .s.d.r.c.RepositoryConfigurationDelegate : Multiple Spring Data modules found, entering strict repository configuration mode!
2021-01-15 21:39:25.968  INFO 16524 --- [main] .s.d.r.c.RepositoryConfigurationDelegate : Bootstrapping Spring Data repositories in DEFAULT mode.
2021-01-15 21:39:26.386  INFO 16524 --- [main] .s.d.r.c.RepositoryConfigurationDelegate : Finished Spring Data repository scanning in 201ms. Found 0 repository interfaces.
2021-01-15 21:39:27.172  WARN 16524 --- [main] o.m.s.mapper.ClassPathMapperScanner      : No MyBatis mapper was found in '[com.company.project.entity]' package. Please check your configuration.
2021-01-15 21:39:29.041  INFO 16524 --- [main] trationDelegate$BeanPostProcessorChecker : Bean 'org.springframework.transaction.annotation.ProxyTransactionManagementConfiguration' of type [org.springframework.transaction.annotation.ProxyTransactionManagementConfiguration$$EnhancerBySpringCGLIB$$9c7b77d3] is not eligible for getting processed by all BeanPostProcessors (for example: not eligible for auto-proxying)
2021-01-15 21:39:29.382  INFO 16524 --- [main] trationDelegate$BeanPostProcessorChecker : Bean 'spring.datasource.dynamic-com.baomidou.dynamic.datasource.spring.boot.autoconfigure.DynamicDataSourceProperties' of type [com.baomidou.dynamic.datasource.spring.boot.autoconfigure.DynamicDataSourceProperties] is not eligible for getting processed by all BeanPostProcessors (for example: not eligible for auto-proxying)
2021-01-15 21:39:29.391  INFO 16524 --- [main] trationDelegate$BeanPostProcessorChecker : Bean 'com.baomidou.dynamic.datasource.spring.boot.autoconfigure.DynamicDataSourceAutoConfiguration' of type [com.baomidou.dynamic.datasource.spring.boot.autoconfigure.DynamicDataSourceAutoConfiguration$$EnhancerBySpringCGLIB$$609e8a4] is not eligible for getting processed by all BeanPostProcessors (for example: not eligible for auto-proxying)
2021-01-15 21:39:29.457  INFO 16524 --- [main] trationDelegate$BeanPostProcessorChecker : Bean 'dsProcessor' of type [com.baomidou.dynamic.datasource.processor.DsHeaderProcessor] is not eligible for getting processed by all BeanPostProcessors (for example: not eligible for auto-proxying)
2021-01-15 21:39:29.488  INFO 16524 --- [main] trationDelegate$BeanPostProcessorChecker : Bean 'dynamicDatasourceAnnotationAdvisor' of type [com.baomidou.dynamic.datasource.aop.DynamicDataSourceAnnotationAdvisor] is not eligible for getting processed by all BeanPostProcessors (for example: not eligible for auto-proxying)
2021-01-15 21:39:29.551  INFO 16524 --- [main] trationDelegate$BeanPostProcessorChecker : Bean 'fileUploadProperties' of type [com.company.project.common.config.FileUploadProperties] is not eligible for getting processed by all BeanPostProcessors (for example: not eligible for auto-proxying)
2021-01-15 21:39:29.588  INFO 16524 --- [main] trationDelegate$BeanPostProcessorChecker : Bean 'shiroConfig' of type [com.company.project.common.shiro.ShiroConfig$$EnhancerBySpringCGLIB$$d8dc86fe] is not eligible for getting processed by all BeanPostProcessors (for example: not eligible for auto-proxying)
2021-01-15 21:39:31.100  INFO 16524 --- [main] trationDelegate$BeanPostProcessorChecker : Bean 'customHashedCredentialsMatcher' of type [com.company.project.common.shiro.CustomHashedCredentialsMatcher] is not eligible for getting processed by all BeanPostProcessors (for example: not eligible for auto-proxying)
2021-01-15 21:39:31.155  INFO 16524 --- [main] trationDelegate$BeanPostProcessorChecker : Bean 'customRealm' of type [com.company.project.common.shiro.CustomRealm] is not eligible for getting processed by all BeanPostProcessors (for example: not eligible for auto-proxying)
2021-01-15 21:39:31.207  INFO 16524 --- [main] trationDelegate$BeanPostProcessorChecker : Bean 'securityManager' of type [org.apache.shiro.web.mgt.DefaultWebSecurityManager] is not eligible for getting processed by all BeanPostProcessors (for example: not eligible for auto-proxying)
2021-01-15 21:39:31.303  INFO 16524 --- [main] trationDelegate$BeanPostProcessorChecker : Bean 'authorizationAttributeSourceAdvisor' of type [org.apache.shiro.spring.security.interceptor.AuthorizationAttributeSourceAdvisor] is not eligible for getting processed by all BeanPostProcessors (for example: not eligible for auto-proxying)
2021-01-15 21:39:32.729  INFO 16524 --- [main] o.s.b.w.embedded.tomcat.TomcatWebServer  : Tomcat initialized with port(s): 9255 (http)
2021-01-15 21:39:32.783  INFO 16524 --- [main] o.apache.catalina.core.StandardService   : Starting service [Tomcat]
2021-01-15 21:39:32.783  INFO 16524 --- [main] org.apache.catalina.core.StandardEngine  : Starting Servlet engine: [Apache Tomcat/9.0.21]
2021-01-15 21:39:33.157  INFO 16524 --- [main] o.a.c.c.C.[Tomcat].[localhost].[/]       : Initializing Spring embedded WebApplicationContext
2021-01-15 21:39:33.157  INFO 16524 --- [main] o.s.web.context.ContextLoader            : Root WebApplicationContext: initialization completed in 11512 ms
2021-01-15 21:39:33.813  INFO 16524 --- [main] c.b.d.d.DynamicDataSourceCreator         : ???u方-??druidsb,ptmいゼwtype,druid?q?tm
2021-01-15 21:39:34.119  INFO 16524 --- [main] com.alibaba.druid.pool.DruidDataSource   : {dataSource-1,master} inited
2021-01-15 21:39:34.119  INFO 16524 --- [main] c.b.d.d.DynamicRoutingDataSource         : 飑l@[? 1 ??u方
2021-01-15 21:39:34.120  INFO 16524 --- [main] c.b.d.d.DynamicRoutingDataSource         : ???u方-[? master Θ\
2021-01-15 21:39:34.122  INFO 16524 --- [main] c.b.d.d.DynamicRoutingDataSource         : ?e豪q??u方O??u方A?u方W? master
2021-01-15 21:39:41.327  INFO 16524 --- [main] org.quartz.impl.StdSchedulerFactory      : Using default implementation for ThreadExecutor
2021-01-15 21:39:41.363  INFO 16524 --- [main] org.quartz.core.SchedulerSignalerImpl    : Initialized Scheduler Signaller of type: class org.quartz.core.SchedulerSignalerImpl
2021-01-15 21:39:41.365  INFO 16524 --- [main] org.quartz.core.QuartzScheduler          : Quartz Scheduler v.2.3.2 created.
2021-01-15 21:39:41.366  INFO 16524 --- [main] org.quartz.simpl.RAMJobStore             : RAMJobStore initialized.
2021-01-15 21:39:41.368  INFO 16524 --- [main] org.quartz.core.QuartzScheduler          : Scheduler meta-data: Quartz Scheduler (v2.3.2) 'quartzScheduler' with instanceId 'NON_CLUSTERED'
  Scheduler class: 'org.quartz.core.QuartzScheduler' - running locally.
  NOT STARTED.
  Currently in standby mode.
  Number of jobs executed: 0
  Using thread pool 'org.quartz.simpl.SimpleThreadPool' - with 10 threads.
  Using job-store 'org.quartz.simpl.RAMJobStore' - which does not support persistence. and is not clustered.

2021-01-15 21:39:41.369  INFO 16524 --- [main] org.quartz.impl.StdSchedulerFactory      : Quartz scheduler 'quartzScheduler' initialized from an externally provided properties instance.
2021-01-15 21:39:41.369  INFO 16524 --- [main] org.quartz.impl.StdSchedulerFactory      : Quartz scheduler version: 2.3.2
2021-01-15 21:39:41.370  INFO 16524 --- [main] org.quartz.core.QuartzScheduler          : JobFactory set to: org.springframework.scheduling.quartz.SpringBeanJobFactory@7bce9ce4
2021-01-15 21:39:43.135  INFO 16524 --- [main] o.s.b.a.e.web.EndpointLinksResolver      : Exposing 2 endpoint(s) beneath base path '/actuator'
2021-01-15 21:39:43.481  INFO 16524 --- [main] pertySourcedRequestMappingHandlerMapping : Mapped URL path [/v2/api-docs] onto method [public org.springframework.http.ResponseEntity<springfox.documentation.spring.web.json.Json> springfox.documentation.swagger2.web.Swagger2Controller.getDocumentation(java.lang.String,javax.servlet.http.HttpServletRequest)]
2021-01-15 21:39:45.114  INFO 16524 --- [main] d.s.w.p.DocumentationPluginsBootstrapper : Context refreshed
2021-01-15 21:39:45.170  INFO 16524 --- [main] d.s.w.p.DocumentationPluginsBootstrapper : Found 1 custom documentation plugin(s)
2021-01-15 21:39:45.273  INFO 16524 --- [main] s.d.s.w.s.ApiListingReferenceScanner     : Scanning for api listing references
2021-01-15 21:39:45.617  INFO 16524 --- [main] .d.s.w.r.o.CachingOperationNameGenerator : Generating unique operation named: addUsingPOST_1
2021-01-15 21:39:45.627  INFO 16524 --- [main] .d.s.w.r.o.CachingOperationNameGenerator : Generating unique operation named: deleteUsingDELETE_1
2021-01-15 21:39:45.631  INFO 16524 --- [main] .d.s.w.r.o.CachingOperationNameGenerator : Generating unique operation named: findListByPageUsingPOST_1
2021-01-15 21:39:45.636  INFO 16524 --- [main] .d.s.w.r.o.CachingOperationNameGenerator : Generating unique operation named: updateUsingPUT_1
2021-01-15 21:39:45.671  INFO 16524 --- [main] .d.s.w.r.o.CachingOperationNameGenerator : Generating unique operation named: addUsingPOST_2
2021-01-15 21:39:45.681  INFO 16524 --- [main] .d.s.w.r.o.CachingOperationNameGenerator : Generating unique operation named: deleteUsingDELETE_2
2021-01-15 21:39:45.686  INFO 16524 --- [main] .d.s.w.r.o.CachingOperationNameGenerator : Generating unique operation named: findListByPageUsingPOST_2
2021-01-15 21:39:45.690  INFO 16524 --- [main] .d.s.w.r.o.CachingOperationNameGenerator : Generating unique operation named: updateUsingPUT_2
2021-01-15 21:39:45.710  INFO 16524 --- [main] .d.s.w.r.o.CachingOperationNameGenerator : Generating unique operation named: addUsingPOST_3
2021-01-15 21:39:45.719  INFO 16524 --- [main] .d.s.w.r.o.CachingOperationNameGenerator : Generating unique operation named: deleteUsingDELETE_3
2021-01-15 21:39:45.729  INFO 16524 --- [main] .d.s.w.r.o.CachingOperationNameGenerator : Generating unique operation named: findListByPageUsingPOST_3
2021-01-15 21:39:45.739  INFO 16524 --- [main] .d.s.w.r.o.CachingOperationNameGenerator : Generating unique operation named: updateUsingPUT_3
2021-01-15 21:39:45.867  INFO 16524 --- [main] .d.s.w.r.o.CachingOperationNameGenerator : Generating unique operation named: addUsingPOST_4
2021-01-15 21:39:45.871  INFO 16524 --- [main] .d.s.w.r.o.CachingOperationNameGenerator : Generating unique operation named: deleteUsingDELETE_4
2021-01-15 21:39:45.877  INFO 16524 --- [main] .d.s.w.r.o.CachingOperationNameGenerator : Generating unique operation named: findListByPageUsingPOST_4
2021-01-15 21:39:45.883  INFO 16524 --- [main] .d.s.w.r.o.CachingOperationNameGenerator : Generating unique operation named: updateUsingPUT_4
2021-01-15 21:39:45.904  INFO 16524 --- [main] .d.s.w.r.o.CachingOperationNameGenerator : Generating unique operation named: deletedUsingDELETE_1
2021-01-15 21:39:45.921  INFO 16524 --- [main] .d.s.w.r.o.CachingOperationNameGenerator : Generating unique operation named: detailInfoUsingGET_1
2021-01-15 21:39:45.946  INFO 16524 --- [main] .d.s.w.r.o.CachingOperationNameGenerator : Generating unique operation named: addUsingPOST_5
2021-01-15 21:39:45.951  INFO 16524 --- [main] .d.s.w.r.o.CachingOperationNameGenerator : Generating unique operation named: deleteUsingDELETE_5
2021-01-15 21:39:45.966  INFO 16524 --- [main] .d.s.w.r.o.CachingOperationNameGenerator : Generating unique operation named: findListByPageUsingPOST_5
2021-01-15 21:39:45.971  INFO 16524 --- [main] .d.s.w.r.o.CachingOperationNameGenerator : Generating unique operation named: updateUsingPUT_5
2021-01-15 21:39:46.020  INFO 16524 --- [main] .d.s.w.r.o.CachingOperationNameGenerator : Generating unique operation named: deletedUsingDELETE_2
2021-01-15 21:39:46.030  INFO 16524 --- [main] .d.s.w.r.o.CachingOperationNameGenerator : Generating unique operation named: detailInfoUsingGET_2
2021-01-15 21:39:46.038  INFO 16524 --- [main] .d.s.w.r.o.CachingOperationNameGenerator : Generating unique operation named: updateDeptUsingPUT_1
2021-01-15 21:39:46.075  INFO 16524 --- [main] .d.s.w.r.o.CachingOperationNameGenerator : Generating unique operation named: addUsingPOST_6
2021-01-15 21:39:46.082  INFO 16524 --- [main] .d.s.w.r.o.CachingOperationNameGenerator : Generating unique operation named: deleteUsingDELETE_6
2021-01-15 21:39:46.086  INFO 16524 --- [main] .d.s.w.r.o.CachingOperationNameGenerator : Generating unique operation named: findListByPageUsingPOST_6
2021-01-15 21:39:46.092  INFO 16524 --- [main] .d.s.w.r.o.CachingOperationNameGenerator : Generating unique operation named: updateUsingPUT_6
2021-01-15 21:39:46.113  INFO 16524 --- [main] .d.s.w.r.o.CachingOperationNameGenerator : Generating unique operation named: addUsingPOST_7
2021-01-15 21:39:46.117  INFO 16524 --- [main] .d.s.w.r.o.CachingOperationNameGenerator : Generating unique operation named: deleteUsingDELETE_7
2021-01-15 21:39:46.121  INFO 16524 --- [main] .d.s.w.r.o.CachingOperationNameGenerator : Generating unique operation named: findListByPageUsingPOST_7
2021-01-15 21:39:46.137  INFO 16524 --- [main] .d.s.w.r.o.CachingOperationNameGenerator : Generating unique operation named: addUsingPOST_8
2021-01-15 21:39:46.143  INFO 16524 --- [main] .d.s.w.r.o.CachingOperationNameGenerator : Generating unique operation named: deleteUsingDELETE_8
2021-01-15 21:39:46.148  INFO 16524 --- [main] .d.s.w.r.o.CachingOperationNameGenerator : Generating unique operation named: findListByPageUsingPOST_8
2021-01-15 21:39:46.151  INFO 16524 --- [main] .d.s.w.r.o.CachingOperationNameGenerator : Generating unique operation named: updateUsingPUT_7
2021-01-15 21:39:46.165  INFO 16524 --- [main] .d.s.w.r.o.CachingOperationNameGenerator : Generating unique operation named: addUsingPOST_9
2021-01-15 21:39:46.168  INFO 16524 --- [main] .d.s.w.r.o.CachingOperationNameGenerator : Generating unique operation named: deleteUsingDELETE_9
2021-01-15 21:39:46.171  INFO 16524 --- [main] .d.s.w.r.o.CachingOperationNameGenerator : Generating unique operation named: findListByPageUsingPOST_9
2021-01-15 21:39:46.173  INFO 16524 --- [main] .d.s.w.r.o.CachingOperationNameGenerator : Generating unique operation named: updateUsingPUT_8
2021-01-15 21:39:46.189  INFO 16524 --- [main] .d.s.w.r.o.CachingOperationNameGenerator : Generating unique operation named: addUsingPOST_10
2021-01-15 21:39:46.200  INFO 16524 --- [main] .d.s.w.r.o.CachingOperationNameGenerator : Generating unique operation named: deleteUsingDELETE_10
2021-01-15 21:39:46.203  INFO 16524 --- [main] .d.s.w.r.o.CachingOperationNameGenerator : Generating unique operation named: findListByPageUsingPOST_10
2021-01-15 21:39:46.205  INFO 16524 --- [main] .d.s.w.r.o.CachingOperationNameGenerator : Generating unique operation named: updateUsingPUT_9
2021-01-15 21:39:46.213  INFO 16524 --- [main] .d.s.w.r.o.CachingOperationNameGenerator : Generating unique operation named: addUsingPOST_11
2021-01-15 21:39:46.216  INFO 16524 --- [main] .d.s.w.r.o.CachingOperationNameGenerator : Generating unique operation named: deleteUsingDELETE_11
2021-01-15 21:39:46.226  INFO 16524 --- [main] .d.s.w.r.o.CachingOperationNameGenerator : Generating unique operation named: findListByPageUsingPOST_11
2021-01-15 21:39:46.236  INFO 16524 --- [main] .d.s.w.r.o.CachingOperationNameGenerator : Generating unique operation named: findListByPageUsingPOST_12
2021-01-15 21:39:46.249  INFO 16524 --- [main] .d.s.w.r.o.CachingOperationNameGenerator : Generating unique operation named: addUsingPOST_12
2021-01-15 21:39:46.253  INFO 16524 --- [main] .d.s.w.r.o.CachingOperationNameGenerator : Generating unique operation named: deleteUsingDELETE_12
2021-01-15 21:39:46.256  INFO 16524 --- [main] .d.s.w.r.o.CachingOperationNameGenerator : Generating unique operation named: findListByPageUsingPOST_13
2021-01-15 21:39:46.269  INFO 16524 --- [main] .d.s.w.r.o.CachingOperationNameGenerator : Generating unique operation named: updateUsingPUT_10
2021-01-15 21:39:46.273  INFO 16524 --- [main] .d.s.w.r.o.CachingOperationNameGenerator : Generating unique operation named: deleteUsingDELETE_13
2021-01-15 21:39:46.281  INFO 16524 --- [main] .d.s.w.r.o.CachingOperationNameGenerator : Generating unique operation named: findListByPageUsingPOST_14
2021-01-15 21:39:46.284  INFO 16524 --- [main] .d.s.w.r.o.CachingOperationNameGenerator : Generating unique operation named: deletedUsingDELETE_3
2021-01-15 21:39:46.294  INFO 16524 --- [main] .d.s.w.r.o.CachingOperationNameGenerator : Generating unique operation named: pageInfoUsingPOST_1
2021-01-15 21:39:46.335  INFO 16524 --- [main] .d.s.w.r.o.CachingOperationNameGenerator : Generating unique operation named: detailInfoUsingGET_3
2021-01-15 21:39:46.351  INFO 16524 --- [main] .d.s.w.r.o.CachingOperationNameGenerator : Generating unique operation named: logoutUsingGET_1
2021-01-15 21:39:46.353  INFO 16524 --- [main] .d.s.w.r.o.CachingOperationNameGenerator : Generating unique operation named: pageInfoUsingPOST_2
2021-01-15 21:39:46.402  INFO 16524 --- [main] .d.s.w.r.o.CachingOperationNameGenerator : Generating unique operation named: addUsingPOST_13
2021-01-15 21:39:46.404  INFO 16524 --- [main] .d.s.w.r.o.CachingOperationNameGenerator : Generating unique operation named: deleteUsingDELETE_14
2021-01-15 21:39:46.406  INFO 16524 --- [main] .d.s.w.r.o.CachingOperationNameGenerator : Generating unique operation named: findListByPageUsingPOST_15
2021-01-15 21:39:46.410  INFO 16524 --- [main] .d.s.w.r.o.CachingOperationNameGenerator : Generating unique operation named: updateUsingPUT_11
2021-01-15 21:39:46.427  INFO 16524 --- [main] .d.s.w.r.o.CachingOperationNameGenerator : Generating unique operation named: addUsingPOST_14
2021-01-15 21:39:46.431  INFO 16524 --- [main] .d.s.w.r.o.CachingOperationNameGenerator : Generating unique operation named: deleteUsingDELETE_15
2021-01-15 21:39:46.435  INFO 16524 --- [main] .d.s.w.r.o.CachingOperationNameGenerator : Generating unique operation named: findListByPageUsingPOST_16
2021-01-15 21:39:46.439  INFO 16524 --- [main] .d.s.w.r.o.CachingOperationNameGenerator : Generating unique operation named: updateUsingPUT_12
2021-01-15 21:39:46.464  INFO 16524 --- [main] o.s.s.quartz.SchedulerFactoryBean        : Starting Quartz Scheduler now
2021-01-15 21:39:46.465  INFO 16524 --- [main] org.quartz.core.QuartzScheduler          : Scheduler quartzScheduler_$_NON_CLUSTERED started.
2021-01-15 21:39:46.626  INFO 16524 --- [main] o.s.b.w.embedded.tomcat.TomcatWebServer  : Tomcat started on port(s): 9255 (http) with context path ''
2021-01-15 21:39:46.672  INFO 16524 --- [main] c.c.project.CompanyProjectApplication    : Started CompanyProjectApplication in 26.201 seconds (JVM running for 26.961)
2021-01-15 21:39:46.730  INFO 16524 --- [main] c.c.project.CompanyProjectApplication    : 
----------------------------------------------------------
	Application 'fixedasset-manager' is running! Access URLs:
	Login: 	http://192.168.56.1:9255/login
	Doc: 	http://192.168.56.1:9255/doc.html
----------------------------------------------------------
2021-01-15 21:40:03.992  INFO 16524 --- [http-nio-9255-exec-1] o.a.c.c.C.[Tomcat].[localhost].[/]       : Initializing Spring DispatcherServlet 'dispatcherServlet'
2021-01-15 21:40:03.992  INFO 16524 --- [http-nio-9255-exec-1] o.s.web.servlet.DispatcherServlet        : Initializing Servlet 'dispatcherServlet'
2021-01-15 21:40:04.008  INFO 16524 --- [http-nio-9255-exec-1] o.s.web.servlet.DispatcherServlet        : Completed initialization in 15 ms
2021-01-15 21:40:04.926  INFO 16524 --- [http-nio-9255-exec-6] c.c.p.c.shiro.CustomAccessControlFilter  : GET
2021-01-15 21:40:04.927  INFO 16524 --- [http-nio-9255-exec-6] c.c.p.c.shiro.CustomAccessControlFilter  : http://192.168.56.1:9255/sys/home/
2021-01-15 21:40:05.179  INFO 16524 --- [http-nio-9255-exec-6] io.lettuce.core.EpollProvider            : Starting without optional epoll library
2021-01-15 21:40:05.182  INFO 16524 --- [http-nio-9255-exec-6] io.lettuce.core.KqueueProvider           : Starting without optional kqueue library
2021-01-15 21:40:08.139  INFO 16524 --- [http-nio-9255-exec-10] c.c.p.c.shiro.CustomAccessControlFilter  : POST
2021-01-15 21:40:08.140  INFO 16524 --- [http-nio-9255-exec-10] c.c.p.c.shiro.CustomAccessControlFilter  : http://192.168.56.1:9255/assetlist/listByPage
2021-01-15 21:40:09.825  INFO 16524 --- [http-nio-9255-exec-1] c.c.p.c.shiro.CustomAccessControlFilter  : POST
2021-01-15 21:40:09.825  INFO 16524 --- [http-nio-9255-exec-1] c.c.p.c.shiro.CustomAccessControlFilter  : http://192.168.56.1:9255/assetlist/listByPage
2021-01-15 21:40:10.672  INFO 16524 --- [http-nio-9255-exec-2] c.c.p.c.shiro.CustomAccessControlFilter  : POST
2021-01-15 21:40:10.673  INFO 16524 --- [http-nio-9255-exec-2] c.c.p.c.shiro.CustomAccessControlFilter  : http://192.168.56.1:9255/assetlist/listByPage
2021-01-15 21:40:12.307  INFO 16524 --- [http-nio-9255-exec-3] c.c.p.c.shiro.CustomAccessControlFilter  : POST
2021-01-15 21:40:12.307  INFO 16524 --- [http-nio-9255-exec-3] c.c.p.c.shiro.CustomAccessControlFilter  : http://192.168.56.1:9255/assetlist/listByPage
2021-01-15 21:40:26.668  INFO 16524 --- [http-nio-9255-exec-5] c.c.p.c.shiro.CustomAccessControlFilter  : POST
2021-01-15 21:40:26.669  INFO 16524 --- [http-nio-9255-exec-5] c.c.p.c.shiro.CustomAccessControlFilter  : http://192.168.56.1:9255/assetlist/listByPage
